request-id,request-method,request-path,request-query,request-payload,response-status,response-content-type,response-payload,response-oops,pre-handle-timestamp,post-handle-timestamp,"after-completion-timestamp"
"ae50135b-ca15-467f-80c3-69f6aa90de01",GET,/,,,302,,,,7749523824100,7749639704300,7749648456900
"caa82f0d-7877-4cb5-b93a-19cbc719ea65",GET,/any/system/welcome,,,200,text/html;charset=utf-8,,,7749694612000,7749697732700,7757003604700
"4a4e7390-a0d0-44d7-a6f0-e3a8d6610c1e",GET,"/libraries/fontawesome/5.2.0/css/all.min.css",,,200,text/css,,,7757222297000,7757250111000,7757251573200
"9693b808-a5a9-41de-abe7-1782a409fb0f",GET,"/libraries/bootstrap/4.1.3/css/bootstrap.min.css",,,200,text/css,,,7757259878500,7757279060200,7757280465200
"00abbfc6-c0e4-4ec6-aa08-dc860dace9d2",GET,"/libraries/datatables/1.10.18/css/datatables.min.css",,,200,text/css,,,7757290933500,7757310679300,7757312603100
"1a752842-af05-4454-b8d3-b67bea4a997f",GET,"/libraries/jquery/3.3.1/js/jquery.min.js",,,200,application/javascript,,,7757325993600,7757473408200,7757474812800
"2fd68aa3-6416-4b25-b6ba-3e02d117ed6f",GET,"/libraries/popper.js/1.14.4/js/popper.min.js",,,200,application/javascript,,,7757479767900,7757545508200,7757547040400
"9c9321db-3396-4664-8aa5-9b7dcba70a91",GET,"/libraries/acme/css/acme.css",,,200,text/css,,,7757555927100,7757572383800,7757573633100
"2ca80e4a-0586-40f6-a65b-1af8d6f0f402",GET,"/libraries/bootstrap/4.1.3/js/bootstrap.min.js",,,200,application/javascript,,,7757578699500,7757665672600,7757666948500
"ad4d28e2-9ae8-4cb7-85bd-7c1c9c4e97bf",GET,"/libraries/chart.js/2.7.2/js/chart.bundle.min.js",,,200,application/javascript,,,7757676094000,7757796098100,7757797196700
"3ae167a7-ca79-4a71-ae8b-c43085661d32",GET,"/libraries/areyousure/1.9.0/js/areyousure.min.js",,,200,application/javascript,,,7757806225500,7757866569000,7757868097500
"aba272a1-33cd-4736-bcad-b8fb5fc3468f",GET,"/libraries/datatables/1.10.18/js/jquery.datatables.min.js",,,200,application/javascript,,,7757874633600,7757946509800,7757947640600
"344e7c38-5a44-4e1a-85df-ef608e0c1384",GET,"/libraries/datatables/1.10.18/js/datatables.min.js",,,200,application/javascript,,,7757956663300,7758082911200,7758084379900
"7c0286b6-e1c4-4525-814d-afada699d9f7",GET,"/libraries/acme/js/acme.js",,,200,application/javascript,,,7758096558600,7758156150700,7758157486800
"c47382f8-6de0-48d1-8758-df85618a5b5e",GET,/images/banner.png,,,200,image/png,,,7758178436400,7758189865800,7758191276800
"e0dfc8d3-a13d-447b-baed-175d80039879",GET,/images/logo.png,,,200,image/png,,,7758199800300,7758208286200,7758209603800
"bd3e50a0-c048-4bef-88ea-c883cf73ab5e",GET,"/libraries/fontawesome/5.2.0/webfonts/fa-solid-900.woff2",,,200,application/font-woff2,,,7758925637100,7758946293600,7758947589200
"b1d553af-7a02-4fe6-9bd6-1e73a556e406",GET,"/libraries/fontawesome/5.2.0/webfonts/fa-brands-400.woff2",,,200,application/font-woff2,,,7758957005000,7758969866600,7758971170000
"005f6200-3811-4b08-9b23-ce56335dd3cc",GET,/,locale=es,,302,,,,7775252487100,7775255913400,7775257999800
"0b34b88e-451b-4f72-a0a5-2cbdfea73f01",GET,/any/system/welcome,,,200,text/html;charset=utf-8,,,7775264322600,7775265201800,7775580417300
"ac2a88e9-583c-4402-afd1-b99a5b6a1694",GET,"/libraries/fontawesome/5.2.0/css/all.min.css",,,200,text/css,,,7775638094500,7775641184600,7775642250500
"4f6614c7-4e9f-4f71-b634-3c0a815a8d72",GET,"/libraries/bootstrap/4.1.3/css/bootstrap.min.css",,,200,text/css,,,7775647164100,7775650862200,7775651958600
"4f317f08-5028-436d-bd47-296c47b0b337",GET,"/libraries/datatables/1.10.18/css/datatables.min.css",,,200,text/css,,,7775657416200,7775660771600,7775661733300
"b9d78c3b-7950-47d0-9776-26cdf70575b5",GET,"/libraries/jquery/3.3.1/js/jquery.min.js",,,200,application/javascript,,,7775667097300,7775670256500,7775671081800
"ac5da1cf-e5b3-409b-9807-4bfdf5312f4d",GET,"/libraries/popper.js/1.14.4/js/popper.min.js",,,200,application/javascript,,,7775675576200,7775678825900,7775679896000
"cbc0c033-19da-41c5-aae9-618ff5cc60f9",GET,"/libraries/bootstrap/4.1.3/js/bootstrap.min.js",,,200,application/javascript,,,7775685965200,7775695647400,7775697056200
"1ffb681d-54cb-4ca8-b4b7-68908ad3140a",GET,"/libraries/acme/css/acme.css",,,200,text/css,,,7775710195100,7775714422000,7775715588200
"57c867a4-ade0-4a5c-ba28-f1d1092719dd",GET,"/libraries/chart.js/2.7.2/js/chart.bundle.min.js",,,200,application/javascript,,,7775724632200,7775729285100,7775730500100
"3d0c1eed-67cc-449b-8ae7-e3149b964dbe",GET,"/libraries/areyousure/1.9.0/js/areyousure.min.js",,,200,application/javascript,,,7775740681300,7775744336200,7775745345100
"e7e6aac8-4d7b-481d-8921-2bb0f8f7dd9a",GET,"/libraries/datatables/1.10.18/js/jquery.datatables.min.js",,,200,application/javascript,,,7775750496400,7775757064000,7775759260800
"fef15a2e-8e81-43f0-bd35-e4c48bb47367",GET,"/libraries/datatables/1.10.18/js/datatables.min.js",,,200,application/javascript,,,7775766337000,7775776450200,7775777493000
"2ebde7d9-e53f-4c00-b58b-f7e05f9cce8f",GET,"/libraries/acme/js/acme.js",,,200,application/javascript,,,7775782434800,7775789931500,7775791504300
"e51cc2a4-7a6b-4cf6-8fe0-17fc44085108",GET,/images/banner.png,,,200,image/png,,,7775799263400,7775810841700,7775812299300
"ccad1a90-289e-4db9-91ab-867179efdfea",GET,/images/logo.png,,,200,image/png,,,7775821807500,7775827672400,7775830646400
"73df5f64-6c76-4eb0-ae49-2200c49f31a6",GET,"/libraries/fontawesome/5.2.0/webfonts/fa-solid-900.woff2",,,200,application/font-woff2,,,7775837848100,7775841766400,7775846536700
"a2a3a28a-9dfc-472d-b2cf-272155e8d869",GET,"/libraries/fontawesome/5.2.0/webfonts/fa-brands-400.woff2",,,200,application/font-woff2,,,7775853786600,7775857461000,7775858731200
